[    0.000000] Initializing cgroup subsys cpuset
[    0.000000] Initializing cgroup subsys cpu
[    0.000000] Initializing cgroup subsys cpuacct
[    0.000000] Linux version 4.4.0-101-generic (buildd@lcy01-amd64-013) (gcc version 5.4.0 20160609 (Ubuntu 5.4.0-6ubuntu1~16.04.5) ) #124-Ubuntu SMP Fri Nov 10 18:31:34 UTC 2017 (Ubuntu 4.4.0-101.124-generic 4.4.95)
[    0.000000] KERNEL supported cpus:
[    0.000000]   Intel GenuineIntel
[    0.000000]   AMD AuthenticAMD
[    0.000000]   NSC Geode by NSC
[    0.000000]   Cyrix CyrixInstead
[    0.000000]   Centaur CentaurHauls
[    0.000000]   Transmeta GenuineTMx86
[    0.000000]   Transmeta TransmetaCPU
[    0.000000]   UMC UMC UMC UMC
[    0.000000] ------------[ cut here ]------------
[    0.000000] WARNING: CPU: 0 PID: 0 at /build/linux-CXx29r/linux-4.4.0/arch/x86/kernel/fpu/xstate.c:517 fpu__init_system_xstate+0x34a/0x6e8()
[    0.000000] XSAVE consistency problem, dumping leaves
[    0.000000] Modules linked in:
[    0.000000] CPU: 0 PID: 0 Comm: swapper Not tainted 4.4.0-101-generic #124-Ubuntu
[    0.000000]  c1ae9967 f7c6cd03 00200086 c1ae3e98 c13af19f c1ae3ed8 c19cad88 c1ae3ec8
[    0.000000]  c1070457 c19caf1c c1ae3ef8 00000000 c19cad88 00000205 c1bb10fe c1bb10fe
[    0.000000]  00000008 00000340 c1ae3f14 c1ae3ee4 c10704ce 00000009 c1ae3ed8 c19caf1c
[    0.000000] Call Trace:
[    0.000000]  [<c13af19f>] dump_stack+0x58/0x79
[    0.000000]  [<c1070457>] warn_slowpath_common+0x87/0xc0
[    0.000000]  [<c1bb10fe>] ? fpu__init_system_xstate+0x34a/0x6e8
[    0.000000]  [<c1bb10fe>] ? fpu__init_system_xstate+0x34a/0x6e8
[    0.000000]  [<c10704ce>] warn_slowpath_fmt+0x3e/0x60
[    0.000000]  [<c1bb10fe>] fpu__init_system_xstate+0x34a/0x6e8
[    0.000000]  [<c1bb0ae0>] fpu__init_system+0x11e/0x24d
[    0.000000]  [<c103bed1>] ? early_init_intel+0xc1/0x330
[    0.000000]  [<c1bb1b3a>] early_cpu_init+0x14e/0x156
[    0.000000]  [<c1bb1b3a>] ? early_cpu_init+0x14e/0x156
[    0.000000]  [<c1bad160>] setup_arch+0xfb/0xd19
[    0.000000]  [<c1ba3894>] start_kernel+0xc2/0x407
[    0.000000]  [<c1ba32ff>] i386_start_kernel+0x9a/0x9e
[    0.000000] ---[ end trace 4d5ff9f2f68c4233 ]---
[    0.000000] CPUID[0d, 00]: eax=00000007 ebx=00000440 ecx=00000440 edx=00000000
[    0.000000] CPUID[0d, 01]: eax=00000000 ebx=00000440 ecx=00000000 edx=00000000
[    0.000000] CPUID[0d, 02]: eax=00000100 ebx=00000240 ecx=00000000 edx=00000000
[    0.000000] CPUID[0d, 03]: eax=00000000 ebx=00000000 ecx=00000000 edx=00000000
[    0.000000] CPUID[0d, 04]: eax=00000000 ebx=00000000 ecx=00000000 edx=00000000
[    0.000000] CPUID[0d, 05]: eax=00000000 ebx=00000000 ecx=00000000 edx=00000000
[    0.000000] CPUID[0d, 06]: eax=00000000 ebx=00000000 ecx=00000000 edx=00000000
[    0.000000] CPUID[0d, 07]: eax=00000000 ebx=00000000 ecx=00000000 edx=00000000
[    0.000000] CPUID[0d, 08]: eax=00000000 ebx=00000000 ecx=00000000 edx=00000000
[    0.000000] CPUID[0d, 09]: eax=00000000 ebx=00000000 ecx=00000000 edx=00000000
[    0.000000] CPUID[0d, 0a]: eax=00000000 ebx=00000000 ecx=00000000 edx=00000000
[    0.000000] CPUID[0d, 0b]: eax=00000000 ebx=00000000 ecx=00000000 edx=00000000
[    0.000000] CPUID[0d, 0c]: eax=00000000 ebx=00000000 ecx=00000000 edx=00000000
[    0.000000] CPUID[0d, 0d]: eax=00000000 ebx=00000000 ecx=00000000 edx=00000000
[    0.000000] CPUID[0d, 0e]: eax=00000000 ebx=00000000 ecx=00000000 edx=00000000
[    0.000000] CPUID[0d, 0f]: eax=00000000 ebx=00000000 ecx=00000000 edx=00000000
[    0.000000] CPUID[0d, 10]: eax=00000000 ebx=00000000 ecx=00000000 edx=00000000
[    0.000000] CPUID[0d, 11]: eax=00000000 ebx=00000000 ecx=00000000 edx=00000000
[    0.000000] x86/fpu: xstate_offset[2]:  576, xstate_sizes[2]:  256
[    0.000000] x86/fpu: Supporting XSAVE feature 0x01: 'x87 floating point registers'
[    0.000000] x86/fpu: Supporting XSAVE feature 0x02: 'SSE registers'
[    0.000000] x86/fpu: Supporting XSAVE feature 0x04: 'AVX registers'
[    0.000000] x86/fpu: Enabled xstate features 0x7, context size is 1088 bytes, using 'standard' format.
[    0.000000] x86/fpu: Using 'lazy' FPU context switches.
[    0.000000] e820: BIOS-provided physical RAM map:
[    0.000000] BIOS-e820: [mem 0x0000000000000000-0x000000000009fbff] usable
[    0.000000] BIOS-e820: [mem 0x000000000009fc00-0x000000000009ffff] reserved
[    0.000000] BIOS-e820: [mem 0x00000000000f0000-0x00000000000fffff] reserved
[    0.000000] BIOS-e820: [mem 0x0000000000100000-0x000000003ffeffff] usable
[   0.000000] BIOS-e820: [mem 0x000000003fff0000-0x000000003fffffff] ACPI data
[    0.000000] BIOS-e820: [mem 0x00000000fec00000-0x00000000fec00fff] reserved
[    0.000000] BIOS-e820: [mem 0x00000000fee00000-0x00000000fee00fff] reserved
[    0.000000] BIOS-e820: [mem 0x00000000fffc0000-0x00000000ffffffff] reserved
[    0.000000] NX (Execute Disable) protection: active
[    0.000000] SMBIOS 2.5 present.
[    0.000000] Hypervisor detected: KVM
[    0.000000] e820: last_pfn = 0x3fff0 max_arch_pfn = 0x1000000
[    0.000000] MTRR: Disabled
[    0.000000] x86/PAT: MTRRs disabled, skipping PAT initialization too.
[    0.000000] CPU MTRRs all blank - virtualized system.
[    0.000000] x86/PAT: Configuration [0-7]: WB  WT  UC- UC  WB  WT  UC- UC  
[    0.000000] found SMP MP-table at [mem 0x0009fff0-0x0009ffff] mapped at [c009fff0]
[    0.000000] Scanning 1 areas for low memory corruption
[    0.000000] RAMDISK: [mem 0x36356000-0x371a2fff]
[    0.000000] ACPI: Early table checksum verification disabled
[    0.000000] ACPI: RSDP 0x00000000000E0000 000024 (v02 VBOX  )
[    0.000000] ACPI: XSDT 0x000000003FFF0030 00003C (v01 VBOX   VBOXXSDT 00000001 ASL  00000061)
[    0.000000] ACPI: FACP 0x000000003FFF00F0 0000F4 (v04 VBOX   VBOXFACP 00000001 ASL  00000061)
[    0.000000] ACPI: DSDT 0x000000003FFF0470 0021C8 (v02 VBOX   VBOXBIOS 00000002 INTL 20100528)
[    0.000000] ACPI: FACS 0x000000003FFF0200 000040
[    0.000000] ACPI: FACS 0x000000003FFF0200 000040
[    0.000000] ACPI: APIC 0x000000003FFF0240 00005C (v02 VBOX   VBOXAPIC 00000001 ASL  00000061)
[    0.000000] ACPI: SSDT 0x000000003FFF02A0 0001CC (v01 VBOX   VBOXCPUT 00000002 INTL 20100528)
[    0.000000] 131MB HIGHMEM available.
[    0.000000] 891MB LOWMEM available.
[    0.000000]   mapped low ram: 0 - 37bfe000
[    0.000000]   low ram: 0 - 37bfe000
[    0.000000] kvm-clock: Using msrs 4b564d01 and 4b564d00
[    0.000000] kvm-clock: cpu 0, msr 0:37bfd001, primary cpu clock
[    0.000000] kvm-clock: using sched offset of 4599473590 cycles
[    0.000000] clocksource: kvm-clock: mask: 0xffffffffffffffff max_cycles: 0x1cd42e4dffb, max_idle_ns: 881590591483 ns
[    0.000000] Zone ranges:
[    0.000000]   DMA      [mem 0x0000000000001000-0x0000000000ffffff]
[    0.000000]   Normal   [mem 0x0000000001000000-0x0000000037bfdfff]
[    0.000000]   HighMem  [mem 0x0000000037bfe000-0x000000003ffeffff]
[    0.000000] Movable zone start for each node
[    0.000000] Early memory node ranges
[    0.000000]   node   0: [mem 0x0000000000001000-0x000000000009efff]
[    0.000000]   node   0: [mem 0x0000000000100000-0x000000003ffeffff]
[    0.000000] Initmem setup node 0 [mem 0x0000000000001000-0x000000003ffeffff]
[    0.000000] Using APIC driver default
[    0.000000] ACPI: PM-Timer IO Port: 0x4008
[    0.000000] IOAPIC[0]: apic_id 2, version 32, address 0xfec00000, GSI 0-23
[    0.000000] ACPI: INT_SRC_OVR (bus 0 bus_irq 0 global_irq 2 dfl dfl)
[    0.000000] ACPI: INT_SRC_OVR (bus 0 bus_irq 9 global_irq 9 high level)
[    0.000000] Using ACPI (MADT) for SMP configuration information
[    0.000000] smpboot: Allowing 2 CPUs, 0 hotplug CPUs
[    0.000000] PM: Registered nosave memory: [mem 0x00000000-0x00000fff]
[    0.000000] PM: Registered nosave memory: [mem 0x0009f000-0x0009ffff]
[    0.000000] PM: Registered nosave memory: [mem 0x000a0000-0x000effff]
[    0.000000] PM: Registered nosave memory: [mem 0x000f0000-0x000fffff]
[    0.000000] e820: [mem 0x40000000-0xfebfffff] available for PCI devices
[    0.000000] Booting paravirtualized kernel on KVM
[    0.000000] clocksource: refined-jiffies: mask: 0xffffffff max_cycles: 0xffffffff, max_idle_ns: 7645519600211568 ns
[    0.000000] setup_percpu: NR_CPUS:8 nr_cpumask_bits:8 nr_cpu_ids:2 nr_node_ids:1
[    0.000000] PERCPU: Embedded 19 pages/cpu @f71b0000 s47436 r0 d30388 u77824
[    0.000000] PV qspinlock hash table entries: 512 (order: 0, 4096 bytes)
[    0.000000] Built 1 zonelists in Zone order, mobility grouping on.  Total pages: 259800
[    0.000000] Kernel command line: BOOT_IMAGE=/boot/vmlinuz-4.4.0-101-generic root=UUID=31128097-0848-43d2-a894-8bf0638b9204 ro console=tty1 console=ttyS0
[    0.000000] PID hash table entries: 4096 (order: 2, 16384 bytes)
[    0.000000] Dentry cache hash table entries: 131072 (order: 7, 524288 bytes)
[    0.000000] Inode-cache hash table entries: 65536 (order: 6, 262144 bytes)
[    0.000000] Initializing CPU#0
[    0.000000] Initializing HighMem for node 0 (00037bfe:0003fff0)
[    0.000000] Initializing Movable for node 0 (00000000:00000000)
[    0.000000] Memory: 1008284K/1048120K available (7969K kernel code, 767K rwdata, 3168K rodata, 940K init, 800K bss, 39836K reserved, 0K cma-reserved, 135112K highmem)
[    0.000000] virtual kernel memory layout:
[    0.000000]     fixmap  : 0xfff15000 - 0xfffff000   ( 936 kB)
[    0.000000]     pkmap   : 0xffc00000 - 0xffe00000   (2048 kB)
[    0.000000]     vmalloc : 0xf83fe000 - 0xffbfe000   ( 120 MB)
[    0.000000]     lowmem  : 0xc0000000 - 0xf7bfe000   ( 891 MB)
[    0.000000]       .init : 0xc1ba3000 - 0xc1c8e000   ( 940 kB)
[    0.000000]       .data : 0xc17c8aad - 0xc1ba1fc0   (3941 kB)
[    0.000000]       .text : 0xc1000000 - 0xc17c8aad   (7970 kB)
[    0.000000] Checking if this processor honours the WP bit even in supervisor mode...Ok.
[    0.000000] SLUB: HWalign=64, Order=0-3, MinObjects=0, CPUs=2, Nodes=1
[    0.000000] Hierarchical RCU implementation.
[    0.000000] 	Build-time adjustment of leaf fanout to 32.
[    0.000000] 	RCU restricting CPUs from NR_CPUS=8 to nr_cpu_ids=2.
[    0.000000] RCU: Adjusting geometry for rcu_fanout_leaf=32, nr_cpu_ids=2
[    0.000000] NR_IRQS:2304 nr_irqs:440 16
[    0.000000] Console: colour VGA+ 80x25
[    0.000000] console [tty1] enabled
[    0.000000] console [ttyS0] enabled
[    0.000000] allocated 1048576 bytes of page_ext
[    0.000000] tsc: Detected 2904.000 MHz processor
[   21.038979] Calibrating delay loop (skipped) preset value.. 5808.00 BogoMIPS (lpj=11616000)
[   21.173897] pid_max: default: 32768 minimum: 301
[   21.282399] ACPI: Core revision 20150930
[   21.325378] ACPI: 2 ACPI AML tables successfully acquired and loaded
[   21.461416] Security Framework initialized
[   21.522811] Yama: becoming mindful.
[   21.586008] AppArmor: AppArmor initialized
[   21.676896] Mount-cache hash table entries: 2048 (order: 1, 8192 bytes)
[   21.823448] Mountpoint-cache hash table entries: 2048 (order: 1, 8192 bytes)
[   21.853814] Initializing cgroup subsys io
[   21.945336] Initializing cgroup subsys memory
[   22.032622] Initializing cgroup subsys devices
[   22.134561] Initializing cgroup subsys freezer
[   22.232492] Initializing cgroup subsys net_cls
[   22.326673] Initializing cgroup subsys perf_event
[   22.414192] Initializing cgroup subsys net_prio
[   22.527670] Initializing cgroup subsys hugetlb
[   22.626184] Initializing cgroup subsys pids
[   22.716423] CPU: Physical Processor ID: 0
[   22.738439] CPU: Processor Core ID: 0
[   22.813637] mce: CPU supports 0 MCE banks
[   22.897425] Last level iTLB entries: 4KB 64, 2MB 8, 4MB 8
[   23.007502] Last level dTLB entries: 4KB 64, 2MB 0, 4MB 0, 1GB 4
[   23.086386] Freeing SMP alternatives memory: 28K
[   23.138984] ftrace: allocating 31439 entries in 62 pages
[   23.265951] smpboot: APIC(0) Converting physical 0 to logical package 0
[   23.392163] smpboot: Max logical packages: 1
[   23.496512] Enabling APIC mode:  Flat.  Using 1 I/O APICs
[   23.605766] ..TIMER: vector=0x30 apic1=0 pin1=2 apic2=-1 pin2=-1
[   23.837839] smpboot: CPU0: Intel(R) Core(TM) i7-7500U CPU @ 2.70GHz (family: 0x6, model: 0x8e, stepping: 0x9)
[   23.968574] Performance Events: unsupported p6 CPU model 142 no PMU driver, software events only.
[   24.141134] KVM setup paravirtual spinlock
[   24.223198] x86: Booting SMP configuration:
[   24.257474] .... node  #0, CPUs:      #1
[1266874885.110078] Initializing CPU#1
[   24.340052] kvm-clock: cpu 1, msr 0:37bfd041, secondary cpu clock
[   24.361657] mce: CPU supports 0 MCE banks
[   24.367003] x86: Booted up 1 node, 2 CPUs
[   24.415203] smpboot: Total of 2 processors activated (11616.00 BogoMIPS)
[   24.528371] devtmpfs: initialized
[   24.570494] evm: security.selinux
[   24.612645] evm: security.SMACK64
[   24.694513] evm: security.SMACK64EXEC
[   24.772669] evm: security.SMACK64TRANSMUTE
[   24.846088] evm: security.SMACK64MMAP
[   24.909869] evm: security.ima
[   24.955366] evm: security.capability
[   24.960714] clocksource: jiffies: mask: 0xffffffff max_cycles: 0xffffffff, max_idle_ns: 7645041785100000 ns
[   25.011930] futex hash table entries: 512 (order: 3, 32768 bytes)
[   25.022883] pinctrl core: initialized pinctrl subsystem
[   25.096962] RTC time: 12:41:41, date: 12/05/17
[   25.161046] NET: Registered protocol family 16
[   25.227674] EISA bus registered
[   25.295452] cpuidle: using governor ladder
[   25.342927] cpuidle: using governor menu
[   25.431473] PCCT header not found.
[   25.490330] ACPI: bus type PCI registered
[   25.513891] acpiphp: ACPI Hot Plug PCI Controller Driver version: 0.5
[   25.587536] PCI : PCI BIOS area is rw and x. Use pci=nobios if you want it NX.
[   25.660487] PCI: PCI BIOS revision 2.10 entry at 0xfda26, last bus=0
[   25.769602] PCI: Using configuration type 1 for base access
[   25.785179] ACPI: Added _OSI(Module Device)
[   25.849802] ACPI: Added _OSI(Processor Device)
[   25.910284] ACPI: Added _OSI(3.0 _SCP Extensions)
[   26.011694] ACPI: Added _OSI(Processor Aggregator Device)
[   26.077879] ACPI: Executed 1 blocks of module-level executable AML code
[   26.188990] ACPI: Interpreter enabled
[   26.273264] ACPI: (supports S0 S5)
[   26.345136] ACPI: Using IOAPIC for interrupt routing
[   26.441837] PCI: Using host bridge windows from ACPI; if necessary, use "pci=nocrs" and report a bug
[   26.588795] ACPI: PCI Root Bridge [PCI0] (domain 0000 [bus 00-ff])
[   26.657433] acpi PNP0A03:00: _OSC: OS supports [ASPM ClockPM Segments MSI]
[   26.766275] acpi PNP0A03:00: _OSC failed (AE_NOT_FOUND); disabling ASPM
[   26.856361] acpi PNP0A03:00: fail to add MMCONFIG information, can't access extended PCI configuration space under this bridge.
[   27.023100] PCI host bridge to bus 0000:00
[   27.105382] pci_bus 0000:00: root bus resource [io  0x0000-0x0cf7 window]
[   27.252498] pci_bus 0000:00: root bus resource [io  0x0d00-0xffff window]
[   27.308449] pci_bus 0000:00: root bus resource [mem 0x000a0000-0x000bffff window]
[   27.309526] pci_bus 0000:00: root bus resource [mem 0x40000000-0xffdfffff window]
[   27.373207] pci_bus 0000:00: root bus resource [bus 00-ff]
[   27.392339] pci 0000:00:01.1: legacy IDE quirk: reg 0x10: [io  0x01f0-0x01f7]
[   27.524806] pci 0000:00:01.1: legacy IDE quirk: reg 0x14: [io  0x03f6]
[   27.638183] pci 0000:00:01.1: legacy IDE quirk: reg 0x18: [io  0x0170-0x0177]
[   27.691665] pci 0000:00:01.1: legacy IDE quirk: reg 0x1c: [io  0x0376]
[   27.803731] pci 0000:00:07.0: quirk: [io  0x4000-0x403f] claimed by PIIX4 ACPI
[   27.937294] pci 0000:00:07.0: quirk: [io  0x4100-0x410f] claimed by PIIX4 SMB
[   27.997291] ACPI: PCI Interrupt Link [LNKA] (IRQs 5 9 10 *11)
[   28.081459] ACPI: PCI Interrupt Link [LNKB] (IRQs 5 9 10 *11)
[   28.142489] ACPI: PCI Interrupt Link [LNKC] (IRQs 5 9 *10 11)
[   28.258798] ACPI: PCI Interrupt Link [LNKD] (IRQs 5 *9 10 11)
[   28.349935] ACPI: Enabled 2 GPEs in block 00 to 07
[   28.437945] vgaarb: setting as boot device: PCI:0000:00:02.0
[   28.476593] vgaarb: device added: PCI:0000:00:02.0,decodes=io+mem,owns=io+mem,locks=none
[   28.535973] vgaarb: loaded
[   28.583095] vgaarb: bridge control possible 0000:00:02.0
[   28.615796] SCSI subsystem initialized
[   28.634418] ACPI: bus type USB registered
[   28.649986] usbcore: registered new interface driver usbfs
[   28.667731] usbcore: registered new interface driver hub
[   28.668492] usbcore: registered new device driver usb
[   28.722676] PCI: Using ACPI for IRQ routing
[   28.806831] NetLabel: Initializing
[   28.872178] NetLabel:  domain hash size = 128
[   28.931061] NetLabel:  protocols = UNLABELED CIPSOv4
[   29.006594] NetLabel:  unlabeled traffic allowed by default
[   29.098552] amd_nb: Cannot enumerate AMD northbridges
[   29.178632] clocksource: Switched to clocksource kvm-clock
[   29.250309] AppArmor: AppArmor Filesystem Enabled
[   29.372066] pnp: PnP ACPI init
[   29.455794] pnp: PnP ACPI: found 3 devices
[   29.579729] PnPBIOS: Disabled by ACPI PNP
[   29.701544] clocksource: acpi_pm: mask: 0xffffff max_cycles: 0xffffff, max_idle_ns: 2085701024 ns
[   29.771694] NET: Registered protocol family 2
[   29.875421] TCP established hash table entries: 8192 (order: 3, 32768 bytes)
[   30.025375] TCP bind hash table entries: 8192 (order: 4, 65536 bytes)
[   30.178866] TCP: Hash tables configured (established 8192 bind 8192)
[   30.321219] UDP hash table entries: 512 (order: 2, 16384 bytes)
[   30.443012] UDP-Lite hash table entries: 512 (order: 2, 16384 bytes)
[   30.594682] NET: Registered protocol family 1
[   30.694133] pci 0000:00:00.0: Limiting direct PCI/PCI transfers
[   30.851114] pci 0000:00:01.0: Activating ISA DMA hang workarounds
[   31.014567] Unpacking initramfs...
[   31.340102] Freeing initrd memory: 14644K
[   31.416001] platform rtc_cmos: registered platform RTC device (no PNP device found)
[   31.591353] Scanning for low memory corruption every 60 seconds
[   31.678876] audit: initializing netlink subsys (disabled)
[   31.686618] audit: type=2000 audit(1512477686.256:1): initialized
[   31.687629] Initialise system trusted keyring
[   31.694780] HugeTLB registered 2 MB page size, pre-allocated 0 pages
[   31.831878] zbud: loaded
[   31.857899] VFS: Disk quotas dquot_6.6.0
[   31.916640] VFS: Dquot-cache hash table entries: 1024 (order 0, 4096 bytes)
[   31.959459] squashfs: version 4.0 (2009/01/31) Phillip Lougher
[   32.052040] fuse init (API version 7.23)
[   32.099187] Key type big_key registered
[   32.127402] Allocating IMA MOK and blacklist keyrings.
[   32.152085] Key type asymmetric registered
[   32.218173] Asymmetric key parser 'x509' registered
[   32.296731] bounce: pool size: 64 pages
[   32.318166] Block layer SCSI generic (bsg) driver version 0.4 loaded (major 249)
[   32.350669] io scheduler noop registered
[   32.360322] io scheduler deadline registered (default)
[   32.372451] io scheduler cfq registered
[   32.442299] tsc: Refined TSC clocksource calibration: 2905.923 MHz
[   32.451996] clocksource: tsc: mask: 0xffffffffffffffff max_cycles: 0x29e31e326c9, max_idle_ns: 440795209854 ns
[   32.456546] pci_hotplug: PCI Hot Plug PCI Core version: 0.5
[   32.460910] pciehp: PCI Express Hot Plug Controller Driver version: 0.4
[   32.595089] ACPI: AC Adapter [AC] (on-line)
[   32.666478] input: Power Button as /devices/LNXSYSTM:00/LNXPWRBN:00/input/input0
[   32.788075] ACPI: Power Button [PWRF]
[   32.843195] input: Sleep Button as /devices/LNXSYSTM:00/LNXSLPBN:00/input/input1
[   32.862263] ACPI: Sleep Button [SLPF]
[   32.863591] ACPI: Battery Slot [BAT0] (battery present)
[   32.867598] GHES: HEST is not enabled!
[   32.917516] isapnp: Scanning for PnP cards...
[   32.995640] Serial: 8250/16550 driver, 32 ports, IRQ sharing enabled
[   33.097920] 00:02: ttyS0 at I/O 0x3f8 (irq = 4, base_baud = 115200) is a 16550A
[   33.163810] Linux agpgart interface v0.103
[   33.187805] loop: module loaded
[   33.214667] scsi host0: ata_piix
[   33.230335] scsi host1: ata_piix
[   33.232119] ata1: PATA max UDMA/33 cmd 0x1f0 ctl 0x3f6 bmdma 0xd000 irq 14
[   33.258275] ata2: PATA max UDMA/33 cmd 0x170 ctl 0x376 bmdma 0xd008 irq 15
[   33.259440] libphy: Fixed MDIO Bus: probed
[   33.274707] tun: Universal TUN/TAP device driver, 1.6
[   33.347322] tun: (C) 1999-2004 Max Krasnyansky <maxk@qualcomm.com>
[   33.350965] isapnp: No Plug & Play device found
[   33.364487] PPP generic driver version 2.4.2
[   33.393856] ehci_hcd: USB 2.0 'Enhanced' Host Controller (EHCI) Driver
[   33.436487] ehci-pci: EHCI PCI platform driver
[   33.455348] ehci-platform: EHCI generic platform driver
[   33.456104] ohci_hcd: USB 1.1 'Open' Host Controller (OHCI) Driver
[   33.456909] ohci-pci: OHCI PCI platform driver
[   33.457549] ohci-platform: OHCI generic platform driver
[   33.530765] uhci_hcd: USB Universal Host Controller Interface driver
[   33.631129] i8042: PNP: PS/2 Controller [PNP0303:PS2K,PNP0f03:PS2M] at 0x60,0x64 irq 1,12
[   33.752285] serio: i8042 KBD port at 0x60,0x64 irq 1
[   33.840188] serio: i8042 AUX port at 0x60,0x64 irq 12
[   33.943728] mousedev: PS/2 mouse device common for all mice
[   34.025723] input: AT Translated Set 2 keyboard as /devices/platform/i8042/serio0/input/input2
[   34.160231] rtc_cmos rtc_cmos: rtc core: registered rtc_cmos as rtc0
[   34.259588] rtc_cmos rtc_cmos: alarms up to one day, 114 bytes nvram
[   34.360426] i2c /dev entries driver
[   34.417354] device-mapper: uevent: version 1.0.3
[   34.419803] device-mapper: ioctl: 4.34.0-ioctl (2015-10-28) initialised: dm-devel@redhat.com
[   34.450536] platform eisa.0: Probing EISA bus 0
[   34.529867] platform eisa.0: EISA: Cannot allocate resource for mainboard
[   34.670551] platform eisa.0: Cannot allocate resource for EISA slot 1
[   34.758224] platform eisa.0: Cannot allocate resource for EISA slot 2
[   34.836971] platform eisa.0: Cannot allocate resource for EISA slot 3
[   34.861680] platform eisa.0: Cannot allocate resource for EISA slot 4
[   34.959812] platform eisa.0: Cannot allocate resource for EISA slot 5
[   35.014492] platform eisa.0: Cannot allocate resource for EISA slot 6
[   35.017285] platform eisa.0: Cannot allocate resource for EISA slot 7
[   35.018102] platform eisa.0: Cannot allocate resource for EISA slot 8
[   35.022850] platform eisa.0: EISA: Detected 0 cards
[   35.023531] cpufreq-nforce2: No nForce2 chipset.
[   35.026102] ledtrig-cpu: registered to indicate activity on CPUs
[   35.056047] NET: Registered protocol family 10
[   35.083721] NET: Registered protocol family 17
[   35.090080] Key type dns_resolver registered
[   35.115723] microcode: CPU0 sig=0x806e9, pf=0x8, revision=0x0
[   35.150536] microcode: CPU1 sig=0x806e9, pf=0x8, revision=0x0
[   35.174017] microcode: Microcode Update Driver: v2.01 <tigran@aivazian.fsnet.co.uk>, Peter Oruba
[   35.192098] Using IPI No-Shortcut mode
[   35.211516] registered taskstats version 1
[   35.214050] Loading compiled-in X.509 certificates
[   35.217568] Loaded X.509 cert 'Build time autogenerated kernel key: d696718d361b134ff0edc7848d4fd32bcc99d424'
[   35.338992] zswap: loaded using pool lzo/zbud
[   35.428675] Key type trusted registered
[   35.468243] Key type encrypted registered
[   35.510418] AppArmor: AppArmor sha1 policy hashing enabled
[   35.603364] ima: No TPM chip found, activating TPM-bypass!
[   35.709645] evm: HMAC attrs: 0x1
[   35.747056]   Magic number: 13:815:682
[   35.785700] rtc_cmos rtc_cmos: setting system clock to 2017-12-05 12:41:52 UTC (1512477712)
[   35.930289] BIOS EDD facility v0.16 2004-Jun-25, 0 devices found
[   36.008809] EDD information not available.
[   36.079427] Freeing unused kernel memory: 940K
[   36.161209] Write protecting the kernel text: 7972k
[   36.243231] Write protecting the kernel read-only data: 3172k
[   36.336108] NX-protecting the kernel data: 6364k
Loading, please [   36.415742] random: systemd-udevd: uninitialized urandom read (16 bytes read, 6 bits of entropy available)
wait...
startin[   36.416090] random: udevadm: uninitialized urandom read (16 bytes read, 6 bits of entropy available)
g version 229
[   36.423833] random: udevadm: uninitialized urandom read (16 bytes read, 6 bits of entropy available)
[   36.423873] random: udevadm: uninitialized urandom read (16 bytes read, 6 bits of entropy available)
[   36.423978] random: udevadm: uninitialized urandom read (16 bytes read, 6 bits of entropy available)
[   36.424018] random: udevadm: uninitialized urandom read (16 bytes read, 6 bits of entropy available)
[   36.424056] random: udevadm: uninitialized urandom read (16 bytes read, 6 bits of entropy available)
[   36.424100] random: udevadm: uninitialized urandom read (16 bytes read, 6 bits of entropy available)
[   36.424138] random: udevadm: uninitialized urandom read (16 bytes read, 6 bits of entropy available)
[   36.424176] random: udevadm: uninitialized urandom read (16 bytes read, 6 bits of entropy available)
[   37.417436] e1000: Intel(R) PRO/1000 Network Driver - version 7.3.21-k8-NAPI
[   37.417439] Fusion MPT base driver 3.04.20
[   37.417439] Copyright (c) 1999-2008 LSI Corporation
[   37.592827] e1000: Copyright (c) 1999-2006 Intel Corporation.
[   37.618650] Fusion MPT SPI Host driver 3.04.20
[   37.815992] input: ImExPS/2 Generic Explorer Mouse as /devices/platform/i8042/serio1/input/input4
[   37.986802] e1000 0000:00:03.0 eth0: (PCI:33MHz:32-bit) 02:e9:ed:e2:e3:b2
[   38.133304] e1000 0000:00:03.0 eth0: Intel(R) PRO/1000 Network Connection
[   38.245403] e1000 0000:00:03.0 enp0s3: renamed from eth0
[   38.286316] mptbase: ioc0: Initiating bringup
[   38.351886] ioc0: LSI53C1030 A0: Capabilities={Initiator}
[   38.630178] scsi host2: ioc0: LSI53C1030 A0, FwRev=00000000h, Ports=1, MaxQ=256, IRQ=20
[   38.776120] scsi 2:0:0:0: Direct-Access     VBOX     HARDDISK         1.0  PQ: 0 ANSI: 5
[   38.970035] scsi target2:0:0: Beginning Domain Validation
[   39.096120] scsi target2:0:0: Domain Validation skipping write tests
[   39.230656] scsi target2:0:0: Ending Domain Validation
[   39.327131] scsi target2:0:0: asynchronous
[   39.429143] scsi 2:0:1:0: Direct-Access     VBOX     HARDDISK         1.0  PQ: 0 ANSI: 5
[   39.603076] scsi target2:0:1: Beginning Domain Validation
[   39.715388] scsi target2:0:1: Domain Validation skipping write tests
[   39.783410] scsi target2:0:1: Ending Domain Validation
[   39.869037] scsi target2:0:1: asynchronous
[   39.965197] sd 2:0:0:0: Attached scsi generic sg0 type 0
[   40.062496] sd 2:0:0:0: [sda] 20971520 512-byte logical blocks: (10.7 GB/10.0 GiB)
[   40.183538] sd 2:0:1:0: [sdb] 20480 512-byte logical blocks: (10.5 MB/10.0 MiB)
[   40.334516] sd 2:0:0:0: [sda] Write Protect is off
[   40.334521] sd 2:0:1:0: [sdb] Write Protect is off
[   40.334588] sd 2:0:1:0: [sdb] Incomplete mode parameter data
[   40.334589] sd 2:0:1:0: [sdb] Assuming drive cache: write through
[   40.460001] sd 2:0:1:0: Attached scsi generic sg1 type 0
[   40.517850] sd 2:0:1:0: [sdb] Attached SCSI disk
[   40.619427] floppy0: no floppy controllers found
[   40.619457] work still pending
[   40.799793] sd 2:0:0:0: [sda] Incomplete mode parameter data
[   40.911228] sd 2:0:0:0: [sda] Assuming drive cache: write through
[   41.039698]  sda: sda1
[   41.066830] sd 2:0:0:0: [sda] Attached SCSI disk
Begin: Loading e[   42.511061] md: linear personality registered for level -1
ssential drivers[   42.637773] md: multipath personality registered for level -4
 ... [   42.752328] md: raid0 personality registered for level 0
[   42.788942] md: raid1 personality registered for level 1
[   42.947108] raid6: mmxx1    gen()  6016 MB/s
[   43.098655] raid6: mmxx2    gen()  6886 MB/s
[   43.214750] raid6: sse1x1   gen()  5786 MB/s
[   43.371166] raid6: sse1x2   gen()  6908 MB/s
[   43.539036] raid6: sse2x1   gen() 12196 MB/s
[   43.671045] raid6: sse2x1   xor()  8204 MB/s
[   43.791260] raid6: sse2x2   gen() 13228 MB/s
[   43.951388] raid6: sse2x2   xor()  8455 MB/s
[   43.970857] raid6: using algorithm sse2x2 gen() 13228 MB/s
[   43.975843] raid6: .... xor() 8455 MB/s, rmw enabled
[   44.074405] raid6: using ssse3x1 recovery algorithm
[   44.109634] xor: automatically using best checksumming function:
[   44.198852]    avx       : 24018.000 MB/sec
[   44.261786] async_tx: api initialized (async)
[   44.320533] md: raid6 personality registered for level 6
[   44.433949] md: raid5 personality registered for level 5
[   44.547463] md: raid4 personality registered for level 4
[   44.634140] md: raid10 personality registered for level 10
done.
Begin: Running /scripts/init-premount ...[   44.760662] Btrfs loaded
 done.
Begin: Mounting root file system ... Begin: Running /scripts/local-top ... done.
Begin: Running /scripts/local-premount[   44.931676] EXT4-fs (sda1): INFO: recovery required on readonly filesystem
 ... Scanning fo[   45.016181] EXT4-fs (sda1): write access will be enabled during recovery
r Btrfs filesystems
done.
Warning: fsck not present, so skipping root file system
[   45.137463] EXT4-fs (sda1): orphan cleanup on readonly fs
[   45.243473] EXT4-fs (sda1): 5 orphan inodes deleted
[   45.327343] EXT4-fs (sda1): recovery complete
[   45.372865] EXT4-fs (sda1): mounted filesystem with ordered data mode. Opts: (null)
done.
Begin: Running /scripts/local-bottom ... done.
Begin: Running /scripts/init-bot[   45.494802] random: nonblocking pool is initialized
tom ... done.
[   46.450535] systemd[1]: systemd 229 running in system mode. (+PAM +AUDIT +SELINUX +IMA +APPARMOR +SMACK +SYSVINIT +UTMP +LIBCRYPTSETUP +GCRYPT +GNUTLS +ACL +XZ -LZ4 +SECCOMP +BLKID +ELFUTILS +KMOD -IDN)
[   46.625354] systemd[1]: Detected virtualization oracle.
[   46.708250] systemd[1]: Detected architecture x86.

Welcome to [1mUbuntu 16.04.3 LTS[0m!

[   46.951584] systemd[1]: Set hostname to <ubuntu-xenial>.
[   48.997833] systemd[1]: Listening on LVM2 metadata daemon socket.
[[0;32m  OK  [0m] Listening on LVM2 metadata daemon socket.
[   49.107291] systemd[1]: Listening on /dev/initctl Compatibility Named Pipe.
[[0;32m  OK  [0m] Listening on /dev/initctl Compatibility Named Pipe.
[   49.252250] systemd[1]: Set up automount Arbitrary Executable File Formats File System Automount Point.
[[0;32m  OK  [0m] Set up automount Arbitrary Executab...ats File System Automount Point.
[   49.511829] systemd[1]: Started Forward Password Requests to Wall Directory Watch.
[[0;32m  OK  [0m] Started Forward Password Requests to Wall Directory Watch.
[   49.755598] systemd[1]: Started Trigger resolvconf update for networkd DNS.
[[0;32m  OK  [0m] Started Trigger resolvconf update for networkd DNS.
[   49.887477] systemd[1]: Listening on udev Kernel Socket.
[[0;32m  OK  [0m] Listening on udev Kernel Socket.
[   50.023490] systemd[1]: Reached target User and Group Name Lookups.
[[0;32m  OK  [0m] Reached target User and Group Name Lookups.
[   50.164299] systemd[1]: Listening on Journal Socket.
[[0;32m  OK  [0m] Listening on Journal Socket.
[   50.301198] systemd[1]: Reached target Encrypted Volumes.
[[0;32m  OK  [0m] Reached target Encrypted Volumes.
[   50.416038] systemd[1]: Created slice System Slice.
[[0;32m  OK  [0m] Created slice System Slice.
[   50.479236] systemd[1]: Starting Set console keymap...
         Starting Set console keymap...
[   50.623040] systemd[1]: Starting Nameserver information manager...
         Starting Nameserver information manager...
[   50.799193] systemd[1]: Mounting Huge Pages File System...
         Mounting Huge Pages File System...
[   50.879258] systemd[1]: Mounting POSIX Message Queue File System...
         Mounting POSIX Message Queue File System...
[   51.119172] systemd[1]: Starting Load Kernel Modules...
         Starting Load Kernel Modules...
[   51.208526] systemd[1]: Created slice system-postgresql.slice.
[[0;32m  OK  [0[   51.337967] Loading iSCSI transport class v2.0-870.
m] Created slice system-postgres[   51.489183] iscsi: registered transport (tcp)
ql.slice.
[   51.559474] systemd[1]: Created slice User and Session Slice.
[[0;32m  OK  [0m] Created slice User and Session Slice.
[   51.694837] systemd[1]: Reached target Slices.
[[0;32m  OK  [0[   51.730293] iscsi: registered transport (iser)
m] Reached target Slices.
[   51.863509] systemd[1]: Starting Remount Root and Kernel File Systems...
         [   51.950253] EXT4-fs (sda1): re-mounted. Opts: (null)
Starting Remount Root and Kernel File Systems...
[   52.127568] systemd[1]: Listening on Journal Audit Socket.
[[0;32m  OK  [0m] Listening on Journal Audit Socket.
[   52.195326] systemd[1]: Listening on LVM2 poll daemon socket.
[[0;32m  OK  [0m] Listening on LVM2 poll daemon socket.
[   52.311229] systemd[1]: Listening on Syslog Socket.
[[0;32m  OK  [0m] Listening on Syslog Socket.
[   52.495989] systemd[1]: Starting Create list of required static device nodes for the current kernel...
         Starting Create list of required st... nodes for the current kernel...
[   52.639324] systemd[1]: Reached target Swap.
[[0;32m  OK  [0m] Reached target Swap.
[   52.764278] systemd[1]: Listening on udev Control Socket.
[[0;32m  OK  [0m] Listening on udev Control Socket.
[   52.947531] systemd[1]: Listening on Device-mapper event daemon FIFOs.
[[0;32m  OK  [0m] Listening on Device-mapper event daemon FIFOs.
[   53.160200] systemd[1]: Starting Monitoring of LVM2 mirrors, snapshots etc. using dmeventd or progress polling...
         Starting Monitoring of LVM2 mirrors... dmeventd or progress polling...
[   53.392040] systemd[1]: Created slice system-serial\x2dgetty.slice.
[[0;32m  OK  [0m] Created slice system-serial\x2dgetty.slice.
[   53.547909] systemd[1]: Mounting Debug File System...
         Mounting Debug File System...
[   53.674979] systemd[1]: Starting Uncomplicated firewall...
         Starting Uncomplicated firewall...
[   53.755271] systemd[1]: Listening on Journal Socket (/dev/log).
[[0;32m  OK  [0m] Listening on Journal Socket (/dev/log).
[   53.915853] systemd[1]: Starting Journal Service...
         Starting Journal Service...
[   53.980270] systemd[1]: Mounted Debug File System.
[[0;32m  OK  [0m] Mounted Debug File System.
[   54.111685] systemd[1]: Mounted POSIX Message Queue File System.
[[0;32m  OK  [0m] Mounted POSIX Message Queue File System.
[   54.271615] systemd[1]: Mounted Huge Pages File System.
[[0;32m  OK  [0m] Mounted Huge Pages File System.
[   54.471859] systemd[1]: Started Journal Service.
[[0;32m  OK  [0m] Started Journal Service.
[[0;32m  OK  [0m] Started Set console keymap.
[[0;32m  OK  [0m] Started Load Kernel Modules.
[[0;32m  OK  [0m] Started Remount Root and Kernel File Systems.
[[0;32m  OK  [0m] Started Create list of required sta...ce nodes for the current kernel.
[[0;32m  OK  [0m] Started Uncomplicated firewall.
[[0;32m  OK  [0m] Started Nameserver information manager.
[[0;32m  OK  [0m] Started LVM2 metadata daemon.
         Starting Create Static Device Nodes in /dev...
         Starting Load/Save Random Seed...
         Starting udev Coldplug all Devices...
         Starting Initial cloud-init job (pre-networking)...
         Mounting FUSE Control File System...
         Starting Apply Kernel Variables...
         Starting Flush Journal to Persistent Storage...
[[0;32m  OK  [0m] Mounted FUSE Control File System.
[[0;32m  OK  [0m] Started Monitoring of LVM2 mirrors,...ng dmeventd or progress polling.
[[0;32m  OK  [0m] Started Create Static Device Nodes in /dev.
[[0;32m  OK  [0m] Started Load/Save Random Seed.
[[0;32m  OK  [0m] Started Apply Kernel Variables.
[[0;32m  OK  [0m] Started udev Coldplug all Devices.
         Starting udev Kernel Device Manager...
[[0;32m  OK  [0m] Started Flush Journal to Persistent Storage.
[[0;32m  OK  [0m] Started udev Kernel Device Manager.
[[0;32m  OK  [0m] Started Dispatch Password Requests to Console Directory Watch.
[[0;32m  OK  [0m] Reached target Local File Systems (Pre).
[[0;32m  OK  [0m] Reached target Local File Systems.
         Starting Tell Plymouth To Write Out Runtime Data...
         Starting LSB: AppArmor initialization...
         Starting Set console font and keymap...
         Starting Create Volatile Files and Directories...
[[0;32m  OK  [0m] Started Tell Plymouth To Write Out Runtime Data.
[[0;32m  OK  [0m] Found device /dev/ttyS0.
[[0;32m  OK  [0m] Started Create Volatile Files and Directories.
[[0;32m  OK  [0m] Reached target System Time Synchronized.
         Starting Update UTMP about System Boot/Shutdown...
[[0;32m  OK  [0m] Found device 82540EM Gigabit Ethern...r (PRO/1000 MT Desktop Adapter).
[[0;32m  OK  [0m] Started Set console font and keymap.
[[0;32m  OK  [0m] Started Update UTMP about System Boot/Shutdown.
[[0;32m  OK  [0m] Listening on Load/Save RF Kill Switch Status /dev/rfkill Watch.
[[0;32m  OK  [0m] Created slice system-getty.slice.
[[0;32m  OK  [0m] Started LSB: AppArmor initialization.
[   33.540619] cloud-init[438]: Cloud-init v. 0.7.9 running 'init-local' at Tue, 05 Dec 2017 12:42:17 +0000. Up 32.51 seconds.
[[0;32m  OK  [0m] Started Initial cloud-init job (pre-networking).
[[0;32m  OK  [0m] Reached target Network (Pre).
[[0;32m  OK  [0m] Started ifup for enp0s3.
         Starting Raise network interfaces...
[[0;32m  OK  [0m] Started Raise network interfaces.
         Starting Initial cloud-init job (metadata service crawler)...
[[0;32m  OK  [0m] Reached target Network.
[   35.506621] cloud-init[963]: Cloud-init v. 0.7.9 running 'init' at Tue, 05 Dec 2017 12:42:19 +0000. Up 34.57 seconds.
[[0;32m  OK  [0m] Started Initial cloud-init job (metadata service crawler).
[   35.656597] cloud-init[963]: ci-info: +++++++++++++++++++++++++++++++++++++Net device info++++++++++++++++++++++++++++++++++++++
[   35.701297] cloud-init[963]: ci-info: +--------+------+----------------------------+---------------+-------+-------------------+
[   35.701674] cloud-init[963]: ci-info: | Device |  Up  |          Address           |      Mask     | Scope |     Hw-Address    |
[[0;32m  OK  [0m] Reached target Cloud-config availability.
[   35.701904] cloud-init[963]: ci-info: +--------+------+----------------------------+---------------+-------+-------------------+
[   36.098308] cloud-init[963]: ci-info: | enp0s3 | True |         10.0.2.15          | 255.255.255.0 |   .   | 02:e9:ed:e2:e3:b2 |
[[0;32m  OK  [0m] Reached target Network is Online.
[   36.098846] cloud-init[963]: ci-info: | enp0s3 | True | fe80::e9:edff:fee2:e3b2/64 |       .       |  link | 02:e9:ed:e2:e3:b2 |
[   36.597037] cloud-init[963]: ci-info: |   lo   | True |         127.0.0.1          |   255.0.0.0   |   .   |         .         |
[   36.598003] cloud-init[963]: ci-info: |   lo   | True |          ::1/128           |       .       |  host |         .         |
         Starting iSCSI initiator daemon (iscsid)...
[[   36.598534] cloud-init[963]: ci-info: +--------+------+----------------------------+---------------+-------+-------------------+
[   36.897008] cloud-init[963]: ci-info: +++++++++++++++++++++++++++Route IPv4 info++++++++++++++++++++++++++++
[0;32m  OK  [0m] Reached target System Initialization.
[   36.897938] cloud-init[963]: ci-info: +-------+-------------+----------+---------------+-----------+-------+
[   37.205808] cloud-init[963]: ci-info: | Route | Destination | Gateway  |    Genmask    | Interface | Flags |
[   37.206032] cloud-init[963]: ci-info: +-------+-------------+----------+---------------+-----------+-------+
[[0;32m  OK  [0m] Started Timer to automatically refresh installed snaps.
[   37.206146] cloud-init[963]: ci-info: |   0   |   0.0.0.0   | 10.0.2.2 |    0.0.0.0    |   enp0s3  |   UG  |
[   37.329399] cloud-init[963]: ci-info: |   1   |   10.0.2.0  | 0.0.0.0  | 255.255.255.0 |   enp0s3  |   U   |
[[0;32m  OK  [0m] Started Daily Cleanup of Temporary Directories.
[   37.329480] cloud-init[963]: ci-info: +-------+-------------+----------+---------------+-----------+-------+
[[0;32m  OK  [0m] Started ACPI Events Check.
[[0;32m  OK  [0m] Reached target Paths.
[[0;32m  OK  [0m] Started Daily apt download activities.
[[0;32m  OK  [0m] Started Timer to automatically fetch and run repair assertions.
[[0;32m  OK  [0m] Started Daily apt upgrade and clean activities.
[[0;32m  OK  [0m] Reached target Timers.
[[0;32m  OK  [0m] Listening on ACPID Listen Socket.
[[0;32m  OK  [0m] Listening on D-Bus System Message Bus Socket.
         Starting LXD - unix socket.
         Starting Socket activation for snappy daemon.
[[0;32m  OK  [0m] Listening on UUID daemon activation socket.
[[0;32m  OK  [0m] Listening on LXD - unix socket.
[[0;32m  OK  [0m] Listening on Socket activation for snappy daemon.
[[0;32m  OK  [0m] Started iSCSI initiator daemon (iscsid).
         Starting Login to default iSCSI targets...
[[0;32m  OK  [0m] Reached target Sockets.
[[0;32m  OK  [0m] Reached target Basic System.
         Starting LXD - container startup/shutdown...
[[0;32m  OK  [0m] Started Regular background program processing daemon.
         Starting vboxadd.service...
         Starting LSB: MD monitoring daemon...
         Starting PostgreSQL Cluster 9.5-main...
[[0;32m  OK  [0m] Started D-Bus System Message Bus.
         Starting MySQL Community Server...
         Starting Automatically fetch and run repair assertions...
         Starting System Logging Service...
         Starting Accounts Service...
[[0;32m  OK  [0m] Started ACPI event daemon.
[[0;32m  OK  [0m] Started Deferred execution scheduler.
         Starting Login Service...
         Starting Apply the settings specified in cloud-config...
         Starting LSB: Record successful boot for GRUB...
         Starting /etc/rc.local Compatibility...
         Starting Snappy daemon...
         Starting vboxadd-x11.service...
[[0;32m  OK  [0m] Started Unattended Upgrades Shutdown.
[[0;32m  OK  [0m] Started FUSE filesystem for LXC.
         Starting OpenBSD Secure Shell server...
[[0;32m  OK  [0m] Started vboxadd.service.
[[0;32m  OK  [0m] Started Automatically fetch and run repair assertions.
[[0;32m  OK  [0m] Started /etc/rc.local Compatibility.
[[0;32m  OK  [0m] Started vboxadd-x11.service.
[[0;32m  OK  [0m] Started System Logging Service.
         Starting vboxadd-service.service...
[[0;32m  OK  [0m] Started Login Service.
[   41.045108] cloud-init[1107]: Cloud-init v. 0.7.9 running 'modules:config' at Tue, 05 Dec 2017 12:42:25 +0000. Up 40.18 seconds.
[[0;32m  OK  [0m] Started Apply the settings specified in cloud-config.
[[0;32m  OK  [0m] Started LSB: Record successful boot for GRUB.
[[0;32m  OK  [0m] Started Login to default iSCSI targets.
[[0;32m  OK  [0m] Started LSB: MD monitoring daemon.
[[0;32m  OK  [0m] Started vboxadd-service.service.
[[0;32m  OK  [0m] Reached target Remote File Systems (Pre).
[[0;32m  OK  [0m] Reached target Remote File Systems.
         Starting LSB: Start/stop sysstat's sadc...
         Starting LSB: automatic crash report generation...
         Starting LSB: daemon to balance interrupts for SMP systems...
         Starting LSB: Set the CPU Frequency Scaling governor to "ondemand"...
         Starting Permit User Sessions...
[[0;32m  OK  [0m] Started LXD - container startup/shutdown.
[[0;32m  OK  [0m] Started Permit User Sessions.
[[0;32m  OK  [0m] Started LSB: Set the CPU Frequency Scaling governor to "ondemand".
[[0;32m  OK  [0m] Started LSB: daemon to balance interrupts for SMP systems.
[[0;32m  OK  [0m] Started LSB: Start/stop sysstat's sadc.
[[0;32m  OK  [0m] Started OpenBSD Secure Shell server.
         Starting Authenticate and Authorize Users to Run Privileged Tasks...
         Starting Hold until boot process finishes up...
         Starting Terminate Plymouth Boot Screen...
[[0;32m  OK  [0m] Started LSB: automatic crash report generation.
[[0;32m  OK  [0m] Started Hold until boot process finishes up.
[[0;32m  OK  [0m] Started Terminate Plymouth Boot Screen.
[[0;32m  OK  [0m] Started Authenticate and Authorize Users to Run Privileged Tasks.
[[0;32m  OK  [0m] Started Accounts Service.
[[0;32m  OK  [0m] Started Getty on tty1.
         Starting Set console scheme...
[[0;32m  OK  [0m] Started Serial Getty on ttyS0.
[[0;32m  OK  [0m] Reached target Login Prompts.
[[0;32m  OK  [0m] Started Set console scheme.
[[0;32m  OK  [0m] Created slice User Slice of ubuntu.
[[0;32m  OK  [0m] Started Session 1 of user ubuntu.
         Starting User Manager for UID 1000...
[[0;32m  OK  [0m] Started Snappy daemon.
[[0;32m  OK  [0m] Started User Manager for UID 1000.
         Starting Auto import assertions from block devices...
[[0;32m  OK  [0m] Started Auto import assertions from block devices.

Ubuntu 16.04.3 LTS ubuntu-xenial ttyS0

ubuntu-xenial login: [   51.165889] cloud-init[1890]: Cloud-init v. 0.7.9 running 'modules:final' at Tue, 05 Dec 2017 12:42:36 +0000. Up 50.93 seconds.
[   51.166125] cloud-init[1890]: Cloud-init v. 0.7.9 finished at Tue, 05 Dec 2017 12:42:36 +0000. Datasource DataSourceNoCloud [seed=/dev/sdb][dsmode=net].  Up 51.15 seconds
